<?xml version="1.0" encoding="UTF-8"?>
<coverage generated="1689604064023" clover="3.2.0">
  <project timestamp="1689604064023" name="All files">
    <metrics statements="24" coveredstatements="23" conditionals="8" coveredconditionals="6" methods="3" coveredmethods="3" elements="35" coveredelements="32" complexity="0" loc="24" ncloc="24" packages="2" files="2" classes="2"/>
    <package name="controllers">
      <metrics statements="12" coveredstatements="11" conditionals="0" coveredconditionals="0" methods="1" coveredmethods="1"/>
      <file name="weatherAlarm.ts" path="C:\Users\WackyMachine\Documents\GitHub\Cloud-App\src\controllers\weatherAlarm.ts">
        <metrics statements="12" coveredstatements="11" conditionals="0" coveredconditionals="0" methods="1" coveredmethods="1"/>
        <line num="11" count="1" type="stmt"/>
        <line num="12" count="2" type="stmt"/>
        <line num="13" count="2" type="stmt"/>
        <line num="15" count="2" type="stmt"/>
        <line num="16" count="2" type="stmt"/>
        <line num="17" count="2" type="stmt"/>
        <line num="19" count="2" type="stmt"/>
        <line num="20" count="2" type="stmt"/>
        <line num="21" count="2" type="stmt"/>
        <line num="23" count="2" type="stmt"/>
        <line num="25" count="2" type="stmt"/>
        <line num="27" count="0" type="stmt"/>
      </file>
    </package>
    <package name="controllers.nextDayPrediction">
      <metrics statements="12" coveredstatements="12" conditionals="8" coveredconditionals="6" methods="2" coveredmethods="2"/>
      <file name="weatherCalculator.ts" path="C:\Users\WackyMachine\Documents\GitHub\Cloud-App\src\controllers\nextDayPrediction\weatherCalculator.ts">
        <metrics statements="12" coveredstatements="12" conditionals="8" coveredconditionals="6" methods="2" coveredmethods="2"/>
        <line num="10" count="2" type="cond" truecount="1" falsecount="1"/>
        <line num="11" count="2" type="stmt"/>
        <line num="14" count="2" type="cond" truecount="2" falsecount="0"/>
        <line num="15" count="1" type="stmt"/>
        <line num="20" count="1" type="stmt"/>
        <line num="25" count="2" type="stmt"/>
        <line num="35" count="6" type="stmt"/>
        <line num="36" count="77" type="cond" truecount="1" falsecount="1"/>
        <line num="37" count="77" type="stmt"/>
        <line num="38" count="77" type="cond" truecount="2" falsecount="0"/>
        <line num="39" count="2" type="stmt"/>
        <line num="44" count="4" type="stmt"/>
      </file>
    </package>
  </project>
</coverage>
