{"C:\\Users\\WackyMachine\\Documents\\GitHub\\Cloud-App\\src\\controllers\\weatherAlarm.ts": {"path":"C:\\Users\\WackyMachine\\Documents\\GitHub\\Cloud-App\\src\\controllers\\weatherAlarm.ts","statementMap":{"0":{"start":{"line":11,"column":30},"end":{"line":29,"column":1}},"1":{"start":{"line":12,"column":4},"end":{"line":28,"column":5}},"2":{"start":{"line":13,"column":40},"end":{"line":13,"column":49}},"3":{"start":{"line":15,"column":28},"end":{"line":15,"column":38}},"4":{"start":{"line":16,"column":8},"end":{"line":16,"column":55}},"5":{"start":{"line":17,"column":29},"end":{"line":17,"column":67}},"6":{"start":{"line":19,"column":20},"end":{"line":19,"column":178}},"7":{"start":{"line":20,"column":25},"end":{"line":20,"column":45}},"8":{"start":{"line":21,"column":21},"end":{"line":21,"column":34}},"9":{"start":{"line":23,"column":30},"end":{"line":23,"column":70}},"10":{"start":{"line":25,"column":8},"end":{"line":25,"column":32}},"11":{"start":{"line":27,"column":8},"end":{"line":27,"column":94}}},"fnMap":{"0":{"name":"(anonymous_0)","decl":{"start":{"line":11,"column":30},"end":{"line":11,"column":31}},"loc":{"start":{"line":11,"column":69},"end":{"line":29,"column":1}},"line":11}},"branchMap":{},"s":{"0":1,"1":2,"2":2,"3":2,"4":2,"5":2,"6":2,"7":2,"8":2,"9":2,"10":2,"11":0},"f":{"0":2},"b":{},"_coverageSchema":"1a1c01bbd47fc00a2c39e90264f33305004495a9","hash":"68771a4787e1f612031ccf118f9f9e93dd8f2f55"}
,"C:\\Users\\WackyMachine\\Documents\\GitHub\\Cloud-App\\src\\controllers\\nextDayPrediction\\weatherCalculator.ts": {"path":"C:\\Users\\WackyMachine\\Documents\\GitHub\\Cloud-App\\src\\controllers\\nextDayPrediction\\weatherCalculator.ts","statementMap":{"0":{"start":{"line":10,"column":3},"end":{"line":12,"column":4}},"1":{"start":{"line":11,"column":6},"end":{"line":11,"column":63}},"2":{"start":{"line":14,"column":3},"end":{"line":23,"column":4}},"3":{"start":{"line":15,"column":6},"end":{"line":18,"column":7}},"4":{"start":{"line":20,"column":6},"end":{"line":22,"column":7}},"5":{"start":{"line":25,"column":3},"end":{"line":25,"column":17}},"6":{"start":{"line":35,"column":3},"end":{"line":42,"column":4}},"7":{"start":{"line":36,"column":6},"end":{"line":41,"column":7}},"8":{"start":{"line":37,"column":29},"end":{"line":37,"column":39}},"9":{"start":{"line":38,"column":9},"end":{"line":40,"column":10}},"10":{"start":{"line":39,"column":12},"end":{"line":39,"column":24}},"11":{"start":{"line":44,"column":3},"end":{"line":44,"column":16}}},"fnMap":{"0":{"name":"processNextDayWeather","decl":{"start":{"line":6,"column":16},"end":{"line":6,"column":37}},"loc":{"start":{"line":6,"column":49},"end":{"line":26,"column":1}},"line":6},"1":{"name":"scanTemperature","decl":{"start":{"line":33,"column":16},"end":{"line":33,"column":31}},"loc":{"start":{"line":33,"column":43},"end":{"line":45,"column":1}},"line":33}},"branchMap":{"0":{"loc":{"start":{"line":10,"column":3},"end":{"line":12,"column":4}},"type":"if","locations":[{"start":{"line":10,"column":3},"end":{"line":12,"column":4}},{"start":{},"end":{}}],"line":10},"1":{"loc":{"start":{"line":14,"column":3},"end":{"line":23,"column":4}},"type":"if","locations":[{"start":{"line":14,"column":3},"end":{"line":23,"column":4}},{"start":{"line":19,"column":10},"end":{"line":23,"column":4}}],"line":14},"2":{"loc":{"start":{"line":36,"column":6},"end":{"line":41,"column":7}},"type":"if","locations":[{"start":{"line":36,"column":6},"end":{"line":41,"column":7}},{"start":{},"end":{}}],"line":36},"3":{"loc":{"start":{"line":38,"column":9},"end":{"line":40,"column":10}},"type":"if","locations":[{"start":{"line":38,"column":9},"end":{"line":40,"column":10}},{"start":{},"end":{}}],"line":38}},"s":{"0":2,"1":2,"2":2,"3":1,"4":1,"5":2,"6":6,"7":77,"8":77,"9":77,"10":2,"11":4},"f":{"0":2,"1":6},"b":{"0":[2,0],"1":[1,1],"2":[77,0],"3":[2,75]},"_coverageSchema":"1a1c01bbd47fc00a2c39e90264f33305004495a9","hash":"3df3aa211ebb95a2b7ec14881eecbee68934d97f"}
}
