TN:
SF:src\controllers\weatherAlarm.ts
FN:11,(anonymous_0)
FNF:1
FNH:1
FNDA:2,(anonymous_0)
DA:11,1
DA:12,2
DA:13,2
DA:15,2
DA:16,2
DA:17,2
DA:19,2
DA:20,2
DA:21,2
DA:23,2
DA:25,2
DA:27,0
LF:12
LH:11
BRF:0
BRH:0
end_of_record
TN:
SF:src\controllers\nextDayPrediction\weatherCalculator.ts
FN:6,processNextDayWeather
FN:33,scanTemperature
FNF:2
FNH:2
FNDA:2,processNextDayWeather
FNDA:6,scanTemperature
DA:10,2
DA:11,2
DA:14,2
DA:15,1
DA:20,1
DA:25,2
DA:35,6
DA:36,77
DA:37,77
DA:38,77
DA:39,2
DA:44,4
LF:12
LH:12
BRDA:10,0,0,2
BRDA:10,0,1,0
BRDA:14,1,0,1
BRDA:14,1,1,1
BRDA:36,2,0,77
BRDA:36,2,1,0
BRDA:38,3,0,2
BRDA:38,3,1,75
BRF:8
BRH:6
end_of_record
